# JRE version: OpenJDK Runtime Environment (8.0_152-b01) (build 1.8.0_152-release-1343-b01)
# Java VM: OpenJDK 64-Bit Server VM (25.152-b01 mixed mode windows-amd64 compressed oops)
Heap:
 PSYoungGen      total 130560K, used 103516K [0x00000000e0000000, 0x00000000e8f80000, 0x0000000100000000)
  eden space 114176K, 90% used [0x00000000e0000000,0x00000000e65173a8,0x00000000e6f80000)
  from space 16384K, 0% used [0x00000000e6f80000,0x00000000e6f80000,0x00000000e7f80000)
  to   space 14848K, 0% used [0x00000000e8000000,0x00000000e8000000,0x00000000e8e80000)
 ParOldGen       total 114176K, used 36436K [0x00000000a0000000, 0x00000000a6f80000, 0x00000000e0000000)
  object space 114176K, 31% used [0x00000000a0000000,0x00000000a2395258,0x00000000a6f80000)
 Metaspace       used 65028K, capacity 67072K, committed 67352K, reserved 1107968K
  class space    used 8744K, capacity 9209K, committed 9256K, reserved 1048576K
GC Heap History (10 events):
Event: 4.864 GC heap before
{Heap before GC invocations=8 (full 2):
 PSYoungGen      total 106496K, used 11367K [0x00000000e0000000, 0x00000000e7900000, 0x0000000100000000)
  eden space 93184K, 0% used [0x00000000e0000000,0x00000000e0000000,0x00000000e5b00000)
  from space 13312K, 85% used [0x00000000e6880000,0x00000000e7399d28,0x00000000e7580000)
  to   space 13824K, 0% used [0x00000000e5b00000,0x00000000e5b00000,0x00000000e6880000)
 ParOldGen       total 114176K, used 11248K [0x00000000a0000000, 0x00000000a6f80000, 0x00000000e0000000)
  object space 114176K, 9% used [0x00000000a0000000,0x00000000a0afc3f8,0x00000000a6f80000)
 Metaspace       used 34405K, capacity 35424K, committed 35496K, reserved 1079296K
  class space    used 4752K, capacity 5004K, committed 5032K, reserved 1048576K
Event: 4.942 GC heap after
Heap after GC invocations=8 (full 2):
 PSYoungGen      total 106496K, used 0K [0x00000000e0000000, 0x00000000e7900000, 0x0000000100000000)
  eden space 93184K, 0% used [0x00000000e0000000,0x00000000e0000000,0x00000000e5b00000)
  from space 13312K, 0% used [0x00000000e6880000,0x00000000e6880000,0x00000000e7580000)
  to   space 13824K, 0% used [0x00000000e5b00000,0x00000000e5b00000,0x00000000e6880000)
 ParOldGen       total 114176K, used 18435K [0x00000000a0000000, 0x00000000a6f80000, 0x00000000e0000000)
  object space 114176K, 16% used [0x00000000a0000000,0x00000000a1200df8,0x00000000a6f80000)
 Metaspace       used 34368K, capacity 35298K, committed 35496K, reserved 1079296K
  class space    used 4740K, capacity 4983K, committed 5032K, reserved 1048576K
}
Event: 5.978 GC heap before
{Heap before GC invocations=9 (full 2):
 PSYoungGen      total 106496K, used 93184K [0x00000000e0000000, 0x00000000e7900000, 0x0000000100000000)
  eden space 93184K, 100% used [0x00000000e0000000,0x00000000e5b00000,0x00000000e5b00000)
  from space 13312K, 0% used [0x00000000e6880000,0x00000000e6880000,0x00000000e7580000)
  to   space 13824K, 0% used [0x00000000e5b00000,0x00000000e5b00000,0x00000000e6880000)
 ParOldGen       total 114176K, used 18435K [0x00000000a0000000, 0x00000000a6f80000, 0x00000000e0000000)
  object space 114176K, 16% used [0x00000000a0000000,0x00000000a1200df8,0x00000000a6f80000)
 Metaspace       used 44490K, capacity 45578K, committed 45992K, reserved 1089536K
  class space    used 5971K, capacity 6236K, committed 6312K, reserved 1048576K
Event: 5.986 GC heap after
Heap after GC invocations=9 (full 2):
 PSYoungGen      total 107008K, used 12481K [0x00000000e0000000, 0x00000000e8e80000, 0x0000000100000000)
  eden space 93184K, 0% used [0x00000000e0000000,0x00000000e0000000,0x00000000e5b00000)
  from space 13824K, 90% used [0x00000000e5b00000,0x00000000e6730538,0x00000000e6880000)
  to   space 14848K, 0% used [0x00000000e8000000,0x00000000e8000000,0x00000000e8e80000)
 ParOldGen       total 114176K, used 18443K [0x00000000a0000000, 0x00000000a6f80000, 0x00000000e0000000)
  object space 114176K, 16% used [0x00000000a0000000,0x00000000a1202df8,0x00000000a6f80000)
 Metaspace       used 44490K, capacity 45578K, committed 45992K, reserved 1089536K
  class space    used 5971K, capacity 6236K, committed 6312K, reserved 1048576K
}
Event: 8.087 GC heap before
{Heap before GC invocations=10 (full 2):
 PSYoungGen      total 107008K, used 105665K [0x00000000e0000000, 0x00000000e8e80000, 0x0000000100000000)
  eden space 93184K, 100% used [0x00000000e0000000,0x00000000e5b00000,0x00000000e5b00000)
  from space 13824K, 90% used [0x00000000e5b00000,0x00000000e6730538,0x00000000e6880000)
  to   space 14848K, 0% used [0x00000000e8000000,0x00000000e8000000,0x00000000e8e80000)
 ParOldGen       total 114176K, used 18443K [0x00000000a0000000, 0x00000000a6f80000, 0x00000000e0000000)
  object space 114176K, 16% used [0x00000000a0000000,0x00000000a1202df8,0x00000000a6f80000)
 Metaspace       used 49768K, capacity 51000K, committed 51368K, reserved 1093632K
  class space    used 6635K, capacity 6960K, committed 7080K, reserved 1048576K
Event: 8.096 GC heap after
Heap after GC invocations=10 (full 2):
 PSYoungGen      total 129024K, used 14830K [0x00000000e0000000, 0x00000000e8f80000, 0x0000000100000000)
  eden space 114176K, 0% used [0x00000000e0000000,0x00000000e0000000,0x00000000e6f80000)
  from space 14848K, 99% used [0x00000000e8000000,0x00000000e8e7b938,0x00000000e8e80000)
  to   space 16384K, 0% used [0x00000000e6f80000,0x00000000e6f80000,0x00000000e7f80000)
 ParOldGen       total 114176K, used 19082K [0x00000000a0000000, 0x00000000a6f80000, 0x00000000e0000000)
  object space 114176K, 16% used [0x00000000a0000000,0x00000000a12a2ae0,0x00000000a6f80000)
 Metaspace       used 49768K, capacity 51000K, committed 51368K, reserved 1093632K
  class space    used 6635K, capacity 6960K, committed 7080K, reserved 1048576K
}
Event: 9.157 GC heap before
{Heap before GC invocations=11 (full 2):
 PSYoungGen      total 129024K, used 104876K [0x00000000e0000000, 0x00000000e8f80000, 0x0000000100000000)
  eden space 114176K, 78% used [0x00000000e0000000,0x00000000e57efa60,0x00000000e6f80000)
  from space 14848K, 99% used [0x00000000e8000000,0x00000000e8e7b938,0x00000000e8e80000)
  to   space 16384K, 0% used [0x00000000e6f80000,0x00000000e6f80000,0x00000000e7f80000)
 ParOldGen       total 114176K, used 19082K [0x00000000a0000000, 0x00000000a6f80000, 0x00000000e0000000)
  object space 114176K, 16% used [0x00000000a0000000,0x00000000a12a2ae0,0x00000000a6f80000)
 Metaspace       used 57658K, capacity 59054K, committed 59160K, reserved 1099776K
  class space    used 7625K, capacity 7970K, committed 7976K, reserved 1048576K
Event: 9.170 GC heap after
Heap after GC invocations=11 (full 2):
 PSYoungGen      total 130560K, used 16379K [0x00000000e0000000, 0x00000000e8f80000, 0x0000000100000000)
  eden space 114176K, 0% used [0x00000000e0000000,0x00000000e0000000,0x00000000e6f80000)
  from space 16384K, 99% used [0x00000000e6f80000,0x00000000e7f7ec18,0x00000000e7f80000)
  to   space 14848K, 0% used [0x00000000e8000000,0x00000000e8000000,0x00000000e8e80000)
 ParOldGen       total 114176K, used 23324K [0x00000000a0000000, 0x00000000a6f80000, 0x00000000e0000000)
  object space 114176K, 20% used [0x00000000a0000000,0x00000000a16c7068,0x00000000a6f80000)
 Metaspace       used 57658K, capacity 59054K, committed 59160K, reserved 1099776K
  class space    used 7625K, capacity 7970K, committed 7976K, reserved 1048576K
}
Event: 9.170 GC heap before
{Heap before GC invocations=12 (full 3):
 PSYoungGen      total 130560K, used 16379K [0x00000000e0000000, 0x00000000e8f80000, 0x0000000100000000)
  eden space 114176K, 0% used [0x00000000e0000000,0x00000000e0000000,0x00000000e6f80000)
  from space 16384K, 99% used [0x00000000e6f80000,0x00000000e7f7ec18,0x00000000e7f80000)
  to   space 14848K, 0% used [0x00000000e8000000,0x00000000e8000000,0x00000000e8e80000)
 ParOldGen       total 114176K, used 23324K [0x00000000a0000000, 0x00000000a6f80000, 0x00000000e0000000)
  object space 114176K, 20% used [0x00000000a0000000,0x00000000a16c7068,0x00000000a6f80000)
 Metaspace       used 57658K, capacity 59054K, committed 59160K, reserved 1099776K
  class space    used 7625K, capacity 7970K, committed 7976K, reserved 1048576K
Event: 9.401 GC heap after
Heap after GC invocations=12 (full 3):
 PSYoungGen      total 130560K, used 0K [0x00000000e0000000, 0x00000000e8f80000, 0x0000000100000000)
  eden space 114176K, 0% used [0x00000000e0000000,0x00000000e0000000,0x00000000e6f80000)
  from space 16384K, 0% used [0x00000000e6f80000,0x00000000e6f80000,0x00000000e7f80000)
  to   space 14848K, 0% used [0x00000000e8000000,0x00000000e8000000,0x00000000e8e80000)
 ParOldGen       total 114176K, used 36436K [0x00000000a0000000, 0x00000000a6f80000, 0x00000000e0000000)
  object space 114176K, 31% used [0x00000000a0000000,0x00000000a2395258,0x00000000a6f80000)
 Metaspace       used 57658K, capacity 59054K, committed 59160K, reserved 1099776K
  class space    used 7625K, capacity 7970K, committed 7976K, reserved 1048576K
}

